[   0.0000 Itilizi coup bs cuset
  0.000]niializig rop subs c
    0.0000 Iitialiincgoup bs cuacct
[  000000]in versin 4.4.0-92-generic (buildd@lcy01-17) (gcc version 5.4.0 20160609 (Ubuntu 5.4.0-6ubuntu1~16.04.4) ) #115-Ubuntu SMP Thu Aug 10 09:04:33 UTC 2017 (Ubuntu 4.4.0-92.115-generic 4.4.76)
[    0.000000] Command line: BOOT_IMAGE=/boot/vmlinuz-4.4.0-92-generic root=LABEL=cloudimg-rootfs ro console=tty1 console=ttyS0
[    0.000000] KERNEL supported cpus:
[    0.000000]   Intel GenuineIntel
[    0.000000]   AMD AuthenticAMD
[    0.000000]   Centaur CentaurHauls
[    0.000000] x86/fpu: xstate_offset[2]:  576, xstate_sizes[2]:  256
[    0.000000] x86/fpu: Supporting XSAVE feature 0x01: 'x87 floating point registers'
[    0.000000] x86/fpu: Supporting XSAVE feature 0x02: 'SSE registers'
[    0.000000] x86/fpu: Supporting XSAVE feature 0x04: 'AVX registers'
[    0.000000] x86/fpu: Enabled xstate features 0x7, context size is 832 bytes, usg 'standard' format.
[    0.000000] x86/fpu: Using 'lazy' FPU context switches.
[    0.000000] e820: BIOS-provided physical RAM map:
[    0.000000] BIOS-e820: [mem 0x0000000000000000-0x000000000009fbff] usable
[    0.000000] BIOS-e820: [mem 0x000000000009fc00-0x000000000009ffff] reserved
[    0.000000] BIOS-e820: [mem 0x00000000000f0000-0x00000000000fffff] reserved
[    0.000000] BIOS-e820: [mem 0x0000000000100000-0x000000003ffeffff] usable
[    0.000000] BIOS-e820: [mem 0x000000003fff0000-0x000000003fffffff] ACPI data
[    0.000000] BIOS-e820: [mem 0x00000000fffc0000-0x00000000ffffffff] reserved
[    0.000000] NX (Execute Disable) protection: active
[    0.000000] SMBIOS 2.5 present.
[    0.000000] Hypervisor detected: KVM
[    0.000000] e820: last_pfn = 0x3fff0 max_arch_pfn = 0x400000000
[    0.000000] MTRR: Disabled
[    0.000000] x86/PAT: MTRRs disabled, skipping PAT initialization too.
[    0.000000] x86/PAT: Configuration [0-7]: WB  WT  UC- UC  WB  WT  UC- UC  
[    0.000000] CPU MTRRs all blank - virtualized system.
[    0.000000] found SMP MP-table at [mem 0x0009fff0-0x0009ffff] mapped at [ffff88000009fff0]
[    0.000000] Scanning 1 areas for low memory corruption
[    0.000000] RAMDISK: [mem 0x36ac8000-0x3755bfff]
[    0.000000] ACPI: Early table checksum verification disabled
[    0.000000] ACPI: RSDP 0x00000000000E0000 000024 (v02 VBOX  )
[    0.000000] ACPI: XSDT 0x000000003FFF0030 00003C (v01 VBOX   VBOXXSDT 00000001 ASL  00000061)
[    0.000000] ACPI: FACP 0x000000003FFF00F0 0000F4 (v04 VBOX   VBOXFACP 00000001 ASL  00000061)
[    0.000000] ACPI: DSDT 0x000000003FFF0470 002118 (v01 VBOX   VBOXBIOS 00000002 INTL 20160108)
[    0.000000] ACPI: FACS 0x000000003FFF0200 000040
[    0.000000] ACPI: FACS 0x000000003FFF0200 000040
[    0.000000] ACPI: APIC 0x000000003FFF0240 00005C (v02 VBOX   VBOXAPIC 00000001 ASL  00000061)
[    0.000000] ACPI: SSDT 0x000000003FFF02A0 0001CC (v01 VBOX   VBOXCPUT 00000002 INTL 20160108)
[    0.000000] No NUMA configuration found
[    0.000000] Faking a node at [mem 0x0000000000000000-0x000000003ffeffff]
[    0.000000] NODE_DATA(0) allocated [mem 0x3ffeb000-0x3ffeffff]
[    0.000000] kvm-clock: Using msrs 4b564d01 and 4b564d00
[    0.000000] kvm-clock: cpu 0, msr 0:3ffe3001, primary cpu clock
[    0.000000] kvm-clock: using sched offset of 3217432450 cycles
[    0.000000] clocksource: kvm-clock: mask: 0xffffffffffffffff max_cycles: 0x1cd42e4dffb, max_idle_ns: 881590591483 ns
[    0.000000] Zone ranges:
[    0.000000]   DMA      [mem 0x0000000000001000-0x0000000000ffffff]
[    0.000000]   DMA32    [mem 0x0000000001000000-0x000000003ffeffff]
[    0.000000]   Normal   empty
[    0.000000]   Device   empty
[    0.000000] Movable zone start for each node
[    0.000000] Early memory node ranges
[    0.000000]   node   0: [mem 0x0000000000001000-0x000000000009efff]
[    0.000000]   node   0: [mem 0x0000000000100000-0x000000003ffeffff]
[    0.000000] Initmem setup node 0 [mem 0x0000000000001000-0x000000003ffeffff]
[    0.000000] ACPI: PM-Timer IO Port: 0x4008
[    0.000000] IOAPIC[0]: apic_id 2, version , ades0xec0000 G 0-23   0.00000ACI: I_S_OR (bus b_irq glalirq 2 l fl
[   0000] AC: T_SRC_VRbu00 bus_irq 9 global_irq 9 high level)
[    0.000000] Using ACPI (MADT) for SMP configuration information
[    0.000000] smpboot: Allowing 2 CPUs, 0 hotplug CPUs
[    0.000000] PM: Registered nosave memory: [mem 0x00000000-0x00000fff]
[    0.000000] PM: Registered nosave memory: [mem 0x0009f000-0x0009ffff]
[    0.000000] PM: Registered nosave memory: [mem 0x000a0000-0x000effff]
[    0.000000] PM: Registered nosave memory: [mem 0x000f0000-0x000fffff]
[    0.000000] e820: [mem 0x40000000-0xfffbffff] available for PCI devices
[    0.000000] Booting paravirtualized kernel on KVM
[    0.000000] clocksource: refined-jiffies: mask: 0xffffffff max_cycles: 0xffffffff, max_idle_ns: 7645519600211568 ns
[    0.000000] setup_percpu: NR_CPUS:512 nr_cpumask_bits:512 nr_cpu_ids:2 nr_node_ids:1
[    0.000000] PERCPU: Embedded 33 pages/cpu @ffff88003fc00000 s98264 r8192 d28712 u1048576
[    0.000000] PV qspinlock hash table entries: 256 (order: 0, 4096 bytes)
[    0.000000] Built 1 zonelists in Node order, mobility grouping on.  Total pages: 257913
[    0.000000] Policy zone: DMA32
[    0.000000] Kernel command line: BOOT_IMAGE=/boot/vmlinuz-4.4.0-92-generic root=LABEL=cloudimg-rootfs ro console=tty1 console=ttyS0
[    0.000000] PID hash table entries: 4096 (order: 3, 32768 bytes)
[    0.000000] Memory: 1001744K/1048120K available (8474K kernel code, 1294K rwdata, 3984K rodata, 1488K init, 1316K bss, 46376K reserved, 0K cma-reserved)
[    0.000000] SLUB: HWalign=64, Order=0-3, MinObjects=0, CPUs=2, Nodes=1
[    0.000000] Hierarchical RCU implementation.
[    0.000000] 	Build-time adjustment of leaf fanout to 64.
[    0.000000] 	RCU restricting CPUs from NR_CPUS=512 to nr_cpu_ids=2.
[    0.000000] RCU: Adjusting geometry for rcu_fanout_leaf=64, nr_cpu_ids=2
[    0.000000] NR_IRQS:33024 _iqs440 16
[  000000] Conol: olurVGA+ 825
[    0.000000] console [tty1] enabled
[    0.000000] console [ttyS0] enabled
[    0.000000] tsc: Detected 2494.224 MHz processor
[    1.692303] Calibrating delay loop (skipped) preset value.. 4988.44 BogoMIPS (lpj=9976896)
[    1.716740] pid_max: default: 32768 minimum: 301
[    1.717388] ACPI: Core revision 20150930
[    1.726845] ACPI: 2 ACPI AML tables successfully acquired and loaded
[    1.736390] Security Framework initialized
[    1.744240] Yama: becoming mindful.
[    1.744815] AppArmor: AppArmor initialized
[    1.756129] Dentry cache hash table entries: 131072 (order: 8, 1048576 bytes)
[    1.757138] Inode-cache hash table entries: 65536 (order: 7, 524288 bytes)
[    1.758402] Mount-cache hash table entries: 2048 (order: 2, 16384 bytes)
[    1.759209] Mountpoint-cache hash table entries: 2048 (order: 2, 16384 bytes)
[    1.782438] Initializing cgroup subsys io
[    1.796054] Initializing cgroup subsys memory
[    1.796694] Initializing cgroup subsys devices
[    1.797315] Initializing cgroup subsys freezer
[    1.797935] Initializing cgroup subsys net_cls
[    1.798553] Initializing cgroup subsys perf_event
[    1.799193] Initializing cgroup subsys net_prio
[    1.831870] Initializing cgroup subsys hugetlb
[    1.941938] Initializing cgroup subsys pids
[    1.964664] CPU: Physical Processor ID: 0
[    1.965257] CPU: Processor Core ID: 0
[    1.967627] mce: CPU supports 0 MCE banks
[    1.968240] Last level iTLB entries: 4KB 1024, 2MB 1024, 4MB 1024
[    1.969027] Last level dTLB entries: 4KB 1024, 2MB 1024, 4MB 1024, 1GB 4
[    1.971345] Freeing SMP alternatives memory: 32K (ffffffff820b9000 - ffffffff820c1000)
[    2.007369] ftrace: allocating 32131 entries in 126 pages
[    2.069078] smpboot: APIC(0) Converting physical 0 to logical package 0
[    2.072272] smpboot: Max logical packages: 1
[    2.073936] ..TIMER: vector=0x30 apic1=0 pin1=2 apic2=-1 pin2=-1
[    2.179784] smpboot: CPU0: Intel(R) Core(TM) i7-4710MQ CPU @ 2.50GHz (family: 0x6, model: 0x3c, stepping: 0x3)
[    2.201107] Performance Events: unsupported p6 CPU model 60 no PMU driver, software events only.
[    2.204305] KVM setup paravirtual spinlock
[    2.205508] x86: Booting SMP configuration:
[    2.206090] .... node  #0, CPUs:      #1
[    2.206750] kvm-clock: cpu 1, msr 0:3ffe3041, secondary cpu clock
[    2.208315] mce: CPU supports 0 MCE banks
[    2.214417] x86: Booted up 1 node, 2 CPUs
[    2.266633] smpboot: Total of 2 processors activated (9976.89 BogoMIPS)
[    2.419094] devtmpfs: initialized
[    2.492123] evm: security.selinux
[    2.516196] evm: security.SMACK64
[    2.516730] evm: security.SMACK64EXEC
[    2.517257] evm: security.SMACK64TRANSMUTE
[    2.517820] evm: security.SMACK64MMAP
[    2.518345] evm: security.ima
[    2.518836] evm: security.capability
[    2.519632] clocksource: jiffies: mask: 0xffffffff max_cycles: 0xffffffff, max_idle_ns: 7645041785100000 ns
[    2.520941] futex hash table entries: 512 (order: 3, 32768 bytes)
[    2.522888] pinctrl core: initialized pinctrl subsystem
[    2.523693] RTC time:  1:41:50, date: 08/28/17
[    2.524873] NET: Registered protocol family 16
[    2.535754] cpuidle: using governor ladder
[    2.628311] cpuidle: using governor menu
[    2.724546] PCCT header not found.
[    2.817080] ACPI: bus type PCI registered
[    2.932875] acpiphp: ACPI Hot Plug PCI Controller Driver version: 0.5
[    2.980478] PCI: Using configuration type 1 for base access
[    3.117084] ACPI: Added _OSI(Module Device)
[    3.125493] ACPI: Added _OSI(Processor Device)
[    3.126126] ACPI: Added _OSI(3.0 _SCP Extensions)
[    3.128895] ACPI: Added _OSI(Processor Aggregator Device)
[    3.130179] ACPI: Executed 1 blocks of module-level executable AML code
[    3.132673] ACPI: Interpreter enabled
[    3.133227] ACPI: (supports S0 S5)
[    3.133771] ACPI: Using IOAPIC for interrupt routing
[    3.162606] PCI: Using host bridge windows from ACPI; if necessary, use "pci=nocrs" and report a bug
[    3.166413] ACPI: PCI Root Bridge [PCI0] (domain 0000 [bus 00-ff])
[    3.167205] acpi PNP0A03:00: _OSC: OS supports [ASPM ClockPM Segments MSI]
[    3.168053] acpi PNP0A03:00: _OSC failed (AE_NOT_FOUND); disabling ASPM
[    3.168863] acpi PNP0A03:00: fail to add MMCONFIG information, can't access extended PCI configuration space under this bridge.
[    3.170446] PCI host bridge to bus 0000:00
[    3.171012] pci_bus 0000:00: root bus resource [io  0x0000-0x0cf7 window]
[    3.171833] pci_bus 0000:00: root bus resource [io  0x0d00-0xffff window]
[    3.172666] pci_bus 0000:00: root bus resource [mem 0x000a0000-0x000bffff window]
[    3.173704] pci_bus 0000:00: root bus resource [mem 0x40000000-0xffdfffff window]
[    3.174751] pci_bus 0000:00: root bus resource [bus 00-ff]
[    3.176491] pci 0000:00:01.1: legacy IDE quirk: reg 0x10: [io  0x01f0-0x01f7]
[    3.177349] pci 0000:00:01.1: legacy IDE quirk: reg 0x14: [io  0x03f6]
[    3.178120] pci 0000:00:01.1: legacy IDE quirk: reg 0x18: [io  0x0170-0x0177]
[    3.251700] pci 0000:00:01.1: legacy IDE quirk: reg 0x1c: [io  0x0376]
[    3.299369] ACPI: PCI Interrupt Link [LNKA] (IRQs 5 9 10 11) *0, disabled.
[    3.355865] ACPI: PCI Interrupt Link [LNKB] (IRQs 5 9 10 *11)
[    3.472770] ACPI: PCI Interrupt Link [LNKC] (IRQs 5 9 *10 11)
[    3.600175] ACPI: PCI Interrupt Link [LNKD] (IRQs 5 *9 10 11)
[    3.742957] ACPI: Enabled 2 GPEs in block 00 to 07
[    3.860688] vgaarb: setting as boot device: PCI:0000:00:02.0
[    3.970507] vgaarb: device added: PCI:0000:00:02.0,decodes=io+mem,owns=io+mem,locks=none
[    3.999923] vgaarb: loaded
[    4.005743] vgaarb: bridge control possible 0000:00:02.0
[    4.007750] SCSI subsystem initialized
[    4.008486] ACPI: bus type USB registered
[    4.009088] usbcore: registered new interface driver usbfs
[    4.009800] usbcore: registered new interface driver hub
[    4.010508] usbcore: registered new device driver usb
[    4.011426] PCI: Using ACPI for IRQ routing
[    4.012240] NetLabel: Initializing
[    4.012800] NetLabel:  domain hash size = 128
[    4.093374] NetLabel:  protocols = UNLABELED CIPSOv4
[    4.137709] NetLabel:  unlabeled traffic allowed by default
[    4.139728] amd_nb: Cannot enumerate AMD northbridges
[    4.140526] clocksource: Switched to clocksource kvm-clock
[    4.147326] AppArmor: AppArmor Filesystem Enabled
[   1672pn P APIin
  4.98] p:nPCP: found 3 devices
[   8290] clocksource: acpi_pm: mask: 0xffffff max_cycles: 0xffffff, max_idle_ns: 2085701024 ns
[    4.928705] NET: Registered protocol family 2

[    4.929470] TCP established hash table entries: 8192 (order: 4, 65536 bytes)
[  51916TCP bind hash table entries: 19(ode:  110 bes
[  55999] TCP: Hash tables configured (established 8192 bind 8192)
[  6155]DPastae trs:12orer2,63 bes
[  683855] UDP-Lite hash table entries: 512 (order: 2, 16384 bytes)
[    6.877250] NET: Registered protocol family 1
[    6.877863] pci 0000:00:00.0: Limiting direct PCI/PCI transfers
[    6.878609] pci 0000:00:01.0: Activating ISA DMA hang workarounds
[    6.879793] Unpacking initramfs...
[    8.354634] Freeing initrd memory: 10832K (ffff880036ac8000 - ffff88003755c000)
[    8.401591] RAPL PMU detected, API unit is 2^-32 Joules, 4 fixed counters 10737418240 ms ovfl timer
[    8.436676] hw unit of domain pp0-core 2^-0 Joules
[    8.437309] hw unit of domain package 2^-0 Joules
[    8.437926] hw unit of domain dram 2^-0 Joules
[    8.438522] hw unit of domain pp1-gpu 2^-0 Joules
[    8.439214] platform rtc_cmos: registered platform RTC device (no PNP device found)
[    8.440358] Scanning for low memory corruption every 60 seconds
[    8.441735] audit: initializing netlink subsys (disabled)
[    8.442440] audit: type=2000 audit(1503884517.239:1): initialized
[    8.443427] Initialise system trusted keyring
[    8.444364] HugeTLB registered 2 MB page size, pre-allocated 0 pages
[    8.446288] zbud: loaded
[    8.446985] VFS: Disk quotas dquot_6.6.0
[    8.447616] VFS: Dquot-cache hash table entries: 512 (order 0, 4096 bytes)
[    8.449713] squashfs: version 4.0 (2009/01/31) Phillip Lougher
[    8.450743] fuse init (API version 7.23)
[    8.451481] Key type big_key registered
[    8.452042] Allocating IMA MOK and blacklist keyrings.
[    8.453932] Key type asymmetric registered
[    8.457199] Asymmetric key parser 'x509' registered
[    8.457889] Block layer SCSI generic (bsg) driver version 0.4 loaded (major 249)
[    8.459041] io scheduler noop registered
[    8.459605] io scheduler deadline registered (default)
[    8.460309] io scheduler cfq registered
[    8.461013] pci_hotplug: PCI Hot Plug PCI Core version: 0.5
[    8.461739] pciehp: PCI Express Hot Plug Controller Driver version: 0.4
[    8.462624] ACPI: AC Adapter [AC] (on-line)
[    8.463298] input: Power Button as /devices/LNXSYSTM:00/LNXPWRBN:00/input/input0
[    8.464380] ACPI: Power Button [PWRF]
[    8.465009] input: Sleep Button as /devices/LNXSYSTM:00/LNXSLPBN:00/input/input1
[    8.466061] ACPI: Sleep Button [SLPF]
[    8.466791] GHES: HEST is not enabled!
[    8.467276] ACPI: Battery Slot [BAT0] (battery present)
[    8.468180] Serial: 8250/16550 driver, 32 ports, IRQ sharing enabled
[    8.490144] 00:02: ttyS0 at I/O 0x3f8 (irq = 4, base_baud = 115200) is a 16550A
[    8.686058] Linux agpgart interface v0.103
[    8.898458] loop: module loaded
[    9.106589] scsi host0: ata_piix
[    9.356216] scsi host1: ata_piix
[    9.366075] ata1: PATA max UDMA/33 cmd 0x1f0 ctl 0x3f6 bmdma 0xd000 irq 14
[    9.366922] ata2: PATA max UDMA/33 cmd 0x170 ctl 0x376 bmdma 0xd008 irq 15
[    9.367890] libphy: Fixed MDIO Bus: probed
[    9.426108] tun: Universal TUN/TAP device drivrr  ..6
[    9.437446] tsc: Refined TSC clocksource calibration: 2493.451 MHz
[    9.437448] clocksource: tsc: mask: 0xffffffffffffffff max_cycles: 0x23f10f4dd96, max_idle_ns: 440795244567 ns
[    9.757290] tun: (C) 1999-2004 Max Krasnyansky <maxk@qualcomm.com>
[    9.758130] PPP generic driver version 2.4.2
[    9.758779] ehci_hcd: USB 2.0 'Enhanced' Host Controller (EHCI) Driver
[    9.759642] ehci-pci: EHCI PCI platform driver
[    9.761864] ehci-platform: EHCI generic platform driver
[    9.762544] ohci_hcd: USB 1.1 'Open' Host Controller (OHCI) Driver
[    9.766108] ohci-pci: OHCI PCI platform driver
[    9.766719] ohci-platform: OHCI generic platform driver
[    9.767391] uhci_hcd: USB Universal Host Controller Interface driver
[    9.768210] i8042: PNP: PS/2 Controller [PNP0303:PS2K,PNP0f03:PS2M] at 0x60,0x64 irq 1,12
[    9.777016] serio: i8042 KBD port at 0x60,0x64 irq 1
[    9.777678] serio: i8042 AUX port at 0x60,0x64 irq 12
[    9.778432] mousedev: PS/2 mouse device common for all mice
[    9.779505] rtc_cmos rtc_cmos: rtc core: registered rtc_cmos as rtc0
[    9.780377] rtc_cmos rtc_cmos: alarms up to one day, 114 bytes nvram
[    9.781208] i2c /dev entries driver
[    9.781846] input: AT Translated Set 2 keyboard as /devices/platform/i8042/serio0/input/input2
[    9.783049] device-mapper: uevent: version 1.0.3
[    9.783900] device-mapper: ioctl: 4.34.0-ioctl (2015-10-28) initialised: dm-devel@redhat.com
[    9.786183] ledtrig-cpu: registered to indicate activity on CPUs
[    9.787518] NET: Registered protocol family 10
[    9.788331] NET: Registered protocol family 17
[    9.788992] Key type dns_resolver registered
[    9.806236] microcode: CPU0 sig=0x306c3, pf=0x40, revision=0x0
[    9.806992] microcode: CPU1 sig=0x306c3, pf=0x40, revision=0x0
[    9.807746] microcode: Microcode Update Driver: v2.01 <tigran@aivazian.fsnet.co.uk>, Peter Oruba
[    9.809002] regiseeee  aaskstats versio  
[   002233651] Loading compiled-in X.509 certificates
[   10.466694] Loaded X.509 cert 'Build time autogenerated kernel key: 01a2b0d0dba8d37a863918580fc16590a7d146c8'
[   10.472037] zswap: loaded using pool lzo/zbud
[   10.474179] Key type trusted registered
[   10.477877] Key type encrypted registered
[   10.480962] AppArmor: AppArmor sha1 policy hashing enabled
[   10.481685] ima: No TPM chip found, activating TPM-bypass!
[   10.556236] evm: HMAC attrs: 0x1
[   10.557173]   Magic number: 13:352:661
[   10.557961] platform PNP0C0A000: hash matches
[   10.905880] battery PNP0C0A:00: hash matches
[   11.365989] rtc_cmos rtc_cmos: setting system clock to 2017-08-28 01:41:59 UTC (1503884519)
[   11.533652] BIOS EDD facility v0.16 2004-Jun-25, 0 devices found
[   11.534434] EDD information not available.
[   11.536155] Freeing unused kernel memory: 1488K (ffffffff81f45000 - ffffffff820b9000)
[   11.769082] Write protecting the kernel read-only data: 14336k
[   11.836703] Freeing unused kernel memory: 1752K (ffff88000184a000 - ffff880001a00000)
[   11.838073] Freeing unused kernel memory: 112K (ffff880001de4000 - ffff880001e00000)
Loading, please wait...
starting version[   11.849317] random: systemd-udevd: uninitialized urandom read (16 bytes read, 3 bits of entropy available)
 229
[   11.849970] random: udevadm: uninitialized urandom read (16 bytes read, 3 bits of entropy available)
[   11.850014] random: udevadm: uninitialized urandom read (16 bytes read, 3 bits of entropy available)
[   11.850136] random: udevadm: uninitialized urandom read (16 bytes read, 3 bits of entropy available)
[   11.850184] random: udevadm: uninitialized urandom read (16 bytes read, 3 bits of entropy available)
[   11.850228] random: udevadm: uninitialized urandom read (16 bytes read, 3 bits of entropy available)
[   11.850275] random: udevadm: uninitialized urandom read (16 bytes read, 3 bits of entropy available)
[   11.850318] random: udevadm: uninitialized urandom read (16 bytes read, 3 bits of entropy available)
[   11.850360] random: udevadm: uninitialized urandom read (16 bytes read, 3 bits of entropy available)
[   11.850403] random: udevadm: uninitialized urandom read (16 bytes read, 3 bits of entropy available)
[   13.626777] e1000: Intel(R) PRO/1000 Network Driver - version 7.3.21-k8-NAPI
[   13.636414] e1000: Copyright (c) 1999-2006 Intel Corporation.
[   13.639818] Fusion MPT base driver 3.04.20
[   13.640455] Copyright (c) 1999-2008 LSI Corporation
[   13.648681] Fusion MPT SPI Host driver 3.04.20
[   13.811700] AVX version of gcm_enc/dec engaged.
[   13.976104] AES CTR mode by8 optimization enabled
[   13.981471] input: ImExPS/2 Generic Explorer Mouse as /devices/platform/i8042/serio1/input/input4
[   14.292222] e1000 0000:00:03.0 eth0: (PCI:33MHz:32-bit) 02:21:85:d0:49:10
[   14.416336] e1000 0000:00:03.0 eth0: Intel(R) PRO/1000 Network Connection
[   14.647200] mptbase: ioc0: Initiating bringup
[   14.647689] e1000 0000:00:03.0 enp0s3: renamed from eth0
[   14.716856] ioc0: LSI53C1030 A0: Capabilities={Initiator}
[   14.914896] scsi host2: ioc0: LSI53C1030 A0, FwRev=00000000h, Ports=1, MaxQ=256, IRQ=20
[   15.597374] scsi 2:0:0:0: Direct-Access     VBOX     HARDDISK         1.0  PQ: 0 ANSI: 5
[   15.636661] scsi target2:0:0: Beginning Domain Validation
[   15.637834] scsi target2:0:0: Domain Validation skipping write tests
[   15.638601] scsi target2:0:0: Ending Domain Validation
[   15.639287] scsi target2:0:0: asynchronous
[   15.640156] scsi 2:0:1:0: Direct-Access     VBOX     HARDDISK         1.0  PQ: 0 ANSI: 5
[   15.649590] scsi target2:0:1: Beginning Domain Validation
[   15.966999] scsi target2:0:1: Domain Validation skipping write tests
[   15.967816] scsi target2:0:1: Ending Domain Validation
[   15.968542] scsi target2:0:1: asynchronous
[   15.975296] sd 2:0:0:0: [sda] 20971520 512-byte logical blocks: (10.7 GB/10.0 GiB)
[   15.982716] sd 2:0:0:0: Attached scsi generic sg0 type 0
[   15.983866] sd 2:0:1:0: [sdb] 20480 512-byte logical blocks: (10.5 MB/10.0 MiB)
[   15.986020] sd 2:0:0:0: [sda] Write Protect is off
[   15.986073] sd 2:0:1:0: [sdb] Write Protect is off
[   15.986172] sd 2:0:1:0: [sdb] Incomplete mode parameter data
[   15.986173] sd 2:0:1:0: [sdb] Assuming drive cache: write through
[   15.989449] sd 2:0:1:0: Attached scsi generic sg1 type 0
[   15.991030] sd 2:0:0:0: [sda] Incomplete mode parameter data
[   15.991761] sd 2:0:0:0: [sda] Assuming drive cache: write through
[   16.034915]  sda: sda1
[   16.053189] sd 2:0:1:0: [sdb] Attached SCSI disk
[   16.057583] sd 2:0:0:0: [sda] Attached SCSI disk
[   16.808663] floppy0: no floppy controllers found
[   17.146052] work still pending
Begin: Loading e[   18.435809] md: linear personality registered for level -1
ssential drivers ... [   18.631919] md: multipath personality registered for level -4
[   18.635054] md: raid0 personality registered for level 0
[   18.638407] md: raid1 personality registered for level 1
[   18.708558] raid6: sse2x1   gen() 10549 MB/s
[   18.884554] raid6: sse2x1   xor()  8202 MB/s
[   19.040581] raid6: sse2x2   gen() 13155 MB/s
[   19.116572] raid6: sse2x2   xor()  8739 MB/s
[   19.188586] raid6: sse2x4   gen() 15271 MB/s
[   19.272586] raid6: sse2x4   xor() 10448 MB/s
[   19.278563] raid6: using algorithm sse2x4 gen() 15271 MB/s
[   19.279355] raid6: .... xor() 10448 MB/s, rmw enabled
[   19.280127] raid6: using ssse3x2 recovery algorithm
[   19.287533] xor: automatically using best checksumming function:
[   19.328564]    avx       : 26211.000 MB/sec
[   19.336422] async_tx: api initialized (async)
[   19.474304] md: raid6 personality registered for level 6
[   19.475029] md: raid5 personality registered for level 5
[   19.475737] md: raid4 personality registered for level 4
[   19.481220] md: raid10 personality registered for level 10
done.
Begin: Running /scripts/init-premount ... done.
Begin: Mounting root file system ... Begin: Running /scripts/local-top ... done.
Begin: Running[   19.660606] Btrfs loaded
 /scripts/local-premount ... Scanning for Btrfs filesystems
done.
Warning: fsck not present, so skipping root file system
[   19.801244] EXT4-fs (sda1): mounted filesystem with ordered data mode. Opts: (null)
done.
Begin: Running /scripts/local-bottom ... done.
Begin: Running /scripts/init-bottom ... done.
[   20.524682] systemd[1]: systemd 229 running in system mode. (+PAM +AUDIT +SELINUX +IMA +APPARMOR +SMACK +SYSVINIT +UTMP +LIBCRYPTSETUP +GCRYPT +GNUTLS +ACL +XZ -LZ4 +SECCOMP +BLKID +ELFUTILS +KMOD -IDN)
[   20.547817] systemd[1]: Detected virtualization oracle.
[   20.548549] systemd[1]: Detected architecture x86-64.

Welcome to [1mUbuntu 16.04.3 LTS[0m!

[   00660033]]sssstemd[1]: Set hostname to <ubuntu-xenial>.
[   20.944272] random: nonblocking poo  is initialized
[   22.767213] systedd11]: Listening on LVM2 metadata daemon socket.
[[0;32m  OK  [0m] Listening on LVM2 metadata daemon socket.
[   23.012544] systemd[1]: Reached target User and Group Name Lookups.
[[0;32m  OK  [0m] Reached target User and Group Name Lookups.
[   23.026026] systemd[1]: Listening on Device-mapper event daemon FIFOs.
[[0;32m  OK  [0m] Listening on Device-mapper event daemon FIFOs.
[   23.160838] systemd[1]: Listening on udev Control Socket.
[[0;32m  OK  [0m] Listening on udev Control Socket.
[   23.406873] systemd[1]: Listening on Journal Audit Socket.
[[0;32m  OK  [0m] Listening on Journal Audit Socket.
[   23.409639] systemd[1]: Created slice System Slice.
[[0;32m  OK  [0m] Created slice System Slice.
[   23.411091] systemd[1]: Created slice system-serial\x2dgetty.slice.
[[0;32m  OK  [0m] Created slice system-serial\x2dgetty.slice.
[   23.412720] systemd[1]: Set up automount Arbitrary Executable File Formats File System Automount Point.
[[0;32m  OK  [0m] Set up automount Arbitrary Executab...ats File System Automount Point.
[   23.607292] systemd[1]: Started Forward Password Requests to Wall Directory Watch.
[[0;32m  OK  [0m] Started Forward Password Requests to Wall Directory Watch.
[   23.609311] systemd[1]: Listening on Journal Socket.
[[0;32m  OK  [0m] Listening on Journal Socket.
[   23.620731] systemd[1]: Starting Monitoring of LVM2 mirrors, snapshots etc. using dmeventd or progress polling...
         Starting Monitoring of LVM2 mirrors... dmeventd or progress polling...
[   23.649641] systemd[1]: Starting Create list of required static device nodes for the current kernel...
         Starting Create list of required st... nodes for the current kernel...
[   23.784776] systemd[1]: Starting Uncomplicated firewall...
         Starting Uncomplicated firewall...
[   23.992729] systemd[1]: Mounting Huge Pages File System...
         Mounting Huge Pages File System...
[   24.040427] systemd[1]: Starting Nameserver information manager...
         Starting Nameserver information manager...
[   24.044508] systemd[1]: Listening on udev Kernel Socket.
[[0;32m  OK  [0m] Listening on udev Kernel Socket.
[   24.046010] systemd[1]: Reached target Swap.
[[0;32m  OK  [0m] Reached target Swap.
[   24.047490] systemd[1]: Created slice User and Session Slice.
[[0;32m  OK  [0m] Created slice User and Session Slice.
[   24.050151] systemd[1]: Started Trigger resolvconf update for networkd DNS.
[[0;32m  OK  [0m] Started Trigger resolvconf update for networkd DNS.
[   24.096740] systemd[1]: Mounting Debug File System...
         Mounting Debug File System...
[   24.172721] systemd[1]: Listening on /dev/initctl Compatibility Named Pipe.
[[0;32m  OK  [0m] Listening on /dev/initctl Compatibility Named Pipe.
[   24.188764] systemd[1]: Mounting POSIX Message Queue File System...
         Mounting POSIX Message Queue File System...
[ 241216] systemd[1]: Listening on Syslog Socket.
[[0;32m  OK  [0m] Listening on Syslog Socket.
[   24.628864] systemd[1]: Reached target Encrypted Volumes.
[[0;32m  OK  [0m] Reached target Encrypted Volumes.
[   24.648185] systemd[1]: Reached target Slices.
[[0;32m  OK  [0m] Reached target Slices.
[   24.660769] systemd[1]: Starting Set console keymap...
         Starting Set console keymap...
[   24.667528] systemd[1]: Listening on Journal Socket (/dev/log).
[[0;32m  OK  [0m] Listening on Journal Socket (/dev/log).
[   24.669734] systemd[1]: Starting Journal Service...
         Starting Journal Service...
[   24.672689] systemd[1]: Starting Remount Root and Kernel File Systems...
         Starting Remount Root and Kernel File Systems...
[   24.714992] EXT4-fs (sda1): re-mounted. Opts: (null)
[   24.808852] systemd[1]: Starting Load Kernel Modules...
         Starting Load Kernel Modules...
[   24.888152] systemd[1]: Listening on LVM2 poll daemon socket.
[[0;32m  OK  [0m] Listening on LVM2 poll daemon socket.
[   25.033500] systemd[1]: Mounted Debug File System.
[[0;32m  OK  [0m] Mounted Debug File System.
[   25.113235] systemd[1]: Mounted POSIX Message Queue File System.
[[0;32m  OK  [0m] Mounted POSIX Message Queue File System.
[   25.129965] systemd[1]: Mounted Huge Pages File System.
[[0;32m  OK  [0m] Mounted Huge Pages File System.
[   25.131639] systemd[1]: Started Create list of required static device nodes for the current kernel.
[[0;32m  OK  [0m] Started Create list of required sta...ce nodes for the current kernel.
[   25.137977] systemd[1]: Started Uncomplicated firewall.
[[0;32m  OK  [0m] Started Uncomplicated firewall.
[   25.193373] systemd[1]: Started Remount Root and Kernel File Systems.
[[0;32m  OK  [0m] Started Remount Root and Kernel File Systems.
[   25.309129] systemd[1]: Started Set console keymap.
[[0;32m  OK  [0m] Started Set console keymap.
[   25.328960] Loading iSCSI transport class v2.0-870.
[   5.68] systd[: ard meerver foatn anager

[[0;32m  OK  [0m] Started Names[   26.249561] iscsi: registered transport (tcp)
erver information manager.
[   26.398194] systemd[1]: Started Journal Service.
[[0;32m  OK  [0m] Started Journal Service.
[[0;32m  OK  [0m] Started LVM2 metadata daemon.
         Starting Load/Save Random Seed...
         Starting Initial cloud-init job (pre-networking)...
         Starting Flush Journal to Persistent Storage...
         Starting udev Coldplug all Devices...
         Starting Create Static Device Nodes in /dev...
[[0;32m  OK  [0m] Started Load/Save Random Seed.
[   26.721005] iscsi: registered transport (iser)
[[0;32m  OK  [0m] Started Load Kernel Modules.
[[0;32m  OK  [0m] Started udev Coldplug all Devices.
[   26.847811] systemd-journll[[394]: Reeeived request to flush runtime journal from PID 1
         Starting Apply Kernel Variables...
         Mounting FUSE Control File System...
[[0;32m  OK  [0m] Mounted FUSE Control File System.
[[0;32m  OK  [0m] Started Flush Journal to Persistent Storage.
[[0;32m  OK  [0m] Started Monitoring of LVM2 mirrors,...ng dmeventd or progress polling.
[[0;32m  OK  [0m] Started Apply Kernel Variables.
[[0;32m  OK  [0m] Started Create Static Device Nodes in /dev.
         Starting udev Kernel Device Manager...
[[0;32m  OK  [0m] Started udev Kernel Device Manager.
[[0;32m  OK  [0m] Started Dispatch Password Requests to Console Directory Watch.
[[0;32m  OK  [0m] Reached target Local File Systems (Pre).
[[0;32m  OK  [0m] Reached target Local File Systems.
         Starting LSB: AppArmor initialization...
         Starting Set console font and keymap...
         Starting Create Volatile Files and Directories...
         Starting Tell Plymouth To Write Out Runtime Data...
[[0;32m  OK  [0m] Started Tell Plymouth To Write Out Runtime Data.
[[0;32m  OK  [0m] Found device /dev/ttyS0.
[[0;32m  OK  [0m] Started Create Volatile Files and Directories.
         Starting Update UTMP about System Boot/Shutdown...
[[0;32m  OK  [0m] Reached target System Time Synchronized.
[[0;32m  OK  [0m] Found device 82540EM Gigabit Ethern...r (PRO/1000 MT Desktop Adapter).
[[0;32m  OK  [0m] Started Update UTMP about System Boot/Shutdown.
[[0;32m  OK  [0m] Started Set console font and keymap.
[[0;32m  OK  [0m] Created slice system-getty.slice.
[[0;32m  OK  [0m] Listening on Load/Save RF Kill Switch Status /dev/rfkill Watch.
[[0;32m  OK  [0m] Started LSB: AppArmor initialization.
[   30.771702] cloud-init[428]: Cloud-init v. 0.7.9 running 'init-local' at Mon, 28 Aug 2017 01:42:22 +0000. Up 30.17 seconds.
[[0;32m  OK  [0m] Started Initial cloud-init job (pre-networking).
[[0;32m  OK  [0m] Reached target Network (Pre).
         Starting Raise network interfaces...
[[0;32m  OK  [0m] Started ifup for enp0s3.
[[0;32m  OK  [0m] Started Raise network interfaces.
[[0;32m  OK  [0m] Reached target Network.
         Starting Initial cloud-init job (metadata service crawler)...
[   32.046547] cloud-init[967]: Cloud-init v. 0.7.9 running 'init' at Mon, 28 Aug 2017 01:42:23 +0000. Up 31.52 seconds.
[[0;32m  OK  [0m] Started Initial cloud-init job (metadata service crawler).
[   32.148168] cloud-init[967]: ci-info: +++++++++++++++++++++++++++++++++++++Net device info++++++++++++++++++++++++++++++++++++++
[   32.228324] [cloud-init[0;32m  OK  [0m[967]: ] ci-info: +--------+------+----------------------------+---------------+-------+-------------------+Reached target Cloud-config availability.

[[0;32m  OK  [0m] Reached target Network is Online.
[   32.228636] cloud-init[967]: ci-info: | Device |  Up  |          Address           |      Mask     | Scope |     Hw-Address    |
[   32.300504]          Starting iSCSI initiator daemon (iscsid)...
cloud-init[[0;32m  OK  [0m] Reached target System Initialization.
[967]: ci-info: +--------+------+----------------------------+---------------+-------+-------------------+
[   32.302632] cloud-init[967]: ci-info: |   lo   | True |         127.0.0.1          |   255.0.0.0   |   .   |         .         |
[   32.303826] cloud-init[967]: ci-info: |   lo   | True |          ::1/128           |       .       |  host |         .         |
[   32.312235] [cloud-init[0;32m  OK  [0m[967]: ] ci-info: | enp0s3 | True |         10.0.2.15          | 255.255.255.0 |   .   | 02:21:85:d0:49:10 |Started ACPI Events Check.

[[0;32m  OK  [0m] Reached target Paths.
[[0;32m  OK  [0m] Listening on UUID daemon activation socket.
[   32.312585] cloud-init[967]: ci-info: | enp0s3 | True | fe80::21:85ff:fed0:4910/64 |       .       |  link | 02:21:85:d0:49:10 |
[   32.390066]          Starting Socket activation for snappy daemon.
cloud-init[967]: ci-info: +--------+------+----------------------------+---------------+-------+-------------------+
[   32.392693] cloud-init[967]: ci-info: +++++++++++++++++++++++++++Route IPv4 info++++++++++++++++++++++++++++
[   32.393794] cloud-init[967]: ci-info: +-------+-------------+----------+---------------+-----------+-------+
[   32.394890] cloud-init[967]: ci-info: | Route | Destination | Gateway  |    Genmask    | Interface | Flags |
[   32.395999] cloud-init[967]: ci-info: +-------+-------------+----------+---------------+-----------+-------+
[   32.397119] cloud-init[967]: ci-info: |   0   |   0.0.0.0   | 10.0.2.2 |    0.0.0.0    |   enp0s3  |   UG  |
[   32.398210] cloud-init[967]: ci-info: |   1   |   10.0.2.0  | 0.0.0.0  | 255.255.255.0 |   enp0s3  |   U   |
[   32.399309] cloud-init[967]: ci-info: +-------+-------------+----------+---------------+-----------+-------+
[[0;32m  OK  [0m] Started Timer to automatically refresh installed snaps.
[[0;32m  OK  [0m] Listening on ACPID Listen Socket.
         Starting LXD - unix socket.
[[0;32m  OK  [0m] Started Daily apt download activities.
[[0;32m  OK  [0m] Started Daily apt upgrade and clean activities.
[[0;32m  OK  [0m] Started Daily Cleanup of Temporary Directories.
[[0;32m  OK  [0m] Reached target Timers.
[[0;32m  OK  [0m] Listening on D-Bus System Message Bus Socket.
[[0;32m  OK  [0m] Listening on Socket activation for snappy daemon.
[[0;32m  OK  [0m] Listening on LXD - unix socket.
[[0;32m  OK  [0m] Reached target Sockets.
[[0;32m  OK  [0m] Reached target Basic System.
         Starting LXD - container startup/shutdown...
[[0;32m  OK  [0m] Started Unattended Upgrades Shutdown.
         Starting Accounts Service...
[[0;32m  OK  [0m] Started ACPI event daemon.
[[0;32m  OK  [0m] Started Regular background program processing daemon.
         Starting System Logging Service...
         Starting LSB: MD monitoring daemon...
[[0;32m  OK  [0m] Started Deferred execution scheduler.
[[0;32m  OK  [0m] Started FUSE filesystem for LXC.
[[0;32m  OK  [0m] Started Snappy daemon.
         Starting Auto import assertions from block devices...
         Starting Login Service...
         Starting /etc/rc.local Compatibility...
         Starting OpenBSD Secure Shell server...
[[0;32m  OK  [0m] Started D-Bus System Message Bus.
         Starting LSB: Record successful boot for GRUB...
         Starting Apply the settings specified in cloud-config...
[[0;32m  OK  [0m] Started System Logging Service.
[[0;32m  OK  [0m] Started OpenBSD Secure Shell server.
[[0;32m  OK  [0m] Started iSCSI initiator daemon (iscsid).
[[0;32m  OK  [0m] Started Auto import assertions from block devices.
[[0;32m  OK  [0m] Started /etc/rc.local Compatibility.
         Starting Login to default iSCSI targets...
[[0;32m  OK  [0m] Started Login Service.
         Starting Authenticate and Authorize Users to Run Privileged Tasks...
[[0;32m  OK  [0m] Started LSB: Record successful boot for GRUB.
[   36.266705] cloud-init[1081]: Cloud-init v. 0.7.9 running 'modules:config' at Mon, 28 Aug 2017 01:42:27 +0000. Up 35.83 seconds.
[[0;32m  OK  [0m] Started Apply the settings specified in cloud-config.
[[0;32m  OK  [0m] Started LSB: MD monitoring daemon.
[[0;32m  OK  [0m] Started Login to default iSCSI targets.
[[0;32m  OK  [0m] Reached target Remote File Systems (Pre).
[[0;32m  OK  [0m] Reached target Remote File Systems.
         Starting LSB: automatic crash report generation...
         Starting LSB: Set the CPU Frequency Scaling governor to "ondemand"...
         Starting LSB: daemon to balance interrupts for SMP systems...
         Starting LSB: Fast tunnel proxy that helps you bypass firewalls...
         Starting LSB: VirtualBox Linux Additions...
         Starting Permit User Sessions...
[[0;32m  OK  [0m] Started LSB: Set the CPU Frequency Scaling governor to "ondemand".
[[0;32m  OK  [0m] Started LSB: daemon to balance interrupts for SMP systems.
[[0;32m  OK  [0m] Started LSB: Fast tunnel proxy that helps you bypass firewalls.
[[0;32m  OK  [0m] Started LSB: automatic crash report generation.
[[0;32m  OK  [0m] Started Authenticate and Authorize Users to Run Privileged Tasks.
[[0;32m  OK  [0m] Started Accounts Service.
[[0;32m  OK  [0m] Started Permit User Sessions.
         Starting Terminate Plymouth Boot Screen...
         Starting Hold until boot process finishes up...
[[0;32m  OK  [0m] Started Terminate Plymouth Boot Screen.
[[0;32m  OK  [0m] Started Hold until boot process finishes up.
         Starting Set console scheme...
[[0;32m  OK  [0m] Started Serial Getty on ttyS0.
[[0;32m  OK  [0m] Started Getty on tty1.
[[0;32m  OK  [0m] Reached target Login Prompts.
[[0;32m  OK  [0m] Started Set console scheme.
[[0;32m  OK  [0m] Started LXD - container startup/shutdown.
[[0;32m  OK  [0m] Started LSB: VirtualBox Linux Additions.
[[0;32m  OK  [0m] Reached target Multi-User System.
         Starting Execute cloud user/final scripts...
[[0;32m  OK  [0m] Reached target Graphical Interface.
         Starting Update UTMP about System Runlevel Changes...
[[0;32m  OK  [0m] Started Update UTMP about System Runlevel Changes.
[   38.410484] cloud-init[1207]: Cloud-init v. 0.7.9 running 'modules:final' at Mon, 28 Aug 2017 01:42:30 +0000. Up 38.21 seconds.
[   38.414055] cloud-init[1207]: Cloud-init v. 0.7.9 finished at Mon, 28 Aug 2017 01:42:30 +0000. Datasource DataSourceNoCloud [seed=/dev/sdb][dsmode=net].  Up 38.40 seconds
[[0;32m  OK  [0m] Started Execute cloud user/final scripts.
[[0;32m  OK  [0m] Reached target Cloud-init target.

Ubuntu 16.04.3 LTS ubuntu-xenial ttyS0

ubuntu-xenial login: 