local_fixed_length 50
================================================================================
In multi way merge
================================================================================
In k way merge
The merge pointers: 3 3 3 3 
pivot list: 17013 20191 27238 29107 42760 47306 47950 60706 63827 71176 75357 80875 
================================================================================
================================================================================
sample pivots test print
rank 1 gets sampled pivots: 29107 47950 71176 
================================================================================
sample pivots test print
rank 0 gets sampled pivots: 29107 47950 71176 
sample pivots test print
rank 3 gets sampled pivots: 29107 47950 71176 
================================================================================
Receive size:
11 12 7 14 
================================================================================
Receive size:
14 12 15 16 
================================================================================
sample pivots test print
rank 2 gets sampled pivots: 29107 47950 71176 
================================================================================
Receive size:
11 10 6 11 
================================================================================
Receive size:
14 16 22 9 
================================================================================
================================================================================
In testing receiving final pivot partition array
[0] receive partition of rank[2]: 50257 51047 52828 52845 53772 55508 56257 56376 57108 68103 68142 
[1] receive partition of rank[2]: 47950 49574 53714 54586 55620 57931 59014 62164 64908 69260 
[2] receive partition of rank[2]: 48150 52620 60706 62174 62909 70158 
[3] receive partition of rank[2]: 48067 48333 53048 57697 58822 59382 63827 64231 67388 67877 70103 
================================================================================
In testing receiving final pivot partition array
[0] receive partition of rank[1]: 29407 31842 32546 37990 38787 39712 42581 44289 44415 47291 47306 
[1] receive partition of rank[1]: 29107 30995 31284 31437 32533 33345 35621 39286 40888 41636 41781 44073 
================================================================================
In k way merge
The merge pointers: 11 10 6 11 
rank[2] exits!
[2] receive partition of rank[1]: 31167 33648 39285 41590 41750 42340 45752 
In testing receiving final pivot partition array
[0] receive partition of rank[0]: 823 6187 8556 9850 11024 15795 18965 21791 22718 24546 24697 26501 27238 28278 
[1] receive partition of rank[0]: 5082 8245 11694 12753 17426 19263 22088 22639 24560 25330 26533 27929 
[2] receive partition of rank[0]: 386 2464 3628 4445 4857 5940 6964 9964 13186 14231 14665 15224 17013 17823 22589 
[3] receive partition of rank[0]: 186 733 2959 3901 4991 6674 8655 9731 15627 17281 18622 19820 20191 23945 25736 28141 
================================================================================
In testing receiving final pivot partition array
[0] receive partition of rank[3]: 71176 71616 76713 84150 84760 87517 90893 91588 92068 93894 94000 95429 95480 98923 
[1] receive partition of rank[3]: 72326 73065 75357 76873 85185 85978 86247 87405 88195 89816 90192 91959 97780 98059 98146 98255 
================================================================================
In k way merge
The merge pointers: 14 12 15 16 
[2] receive partition of rank[3]: 71436 74439 75212 75515 76196 76224 77211 77312 80875 81139 81153 81540 81598 82691 83252 83373 87697 88562 89710 95804 98642 98785 
[3] receive partition of rank[1]: 29257 29711 30650 30864 32419 37492 39237 40958 42760 44137 44166 45047 45096 47138 
================================================================================
In k way merge
The merge pointers: 11 12 7 14 
rank[1] exits!
[3] receive partition of rank[3]: 77791 78340 79455 85171 87546 92050 94137 97278 99758 
================================================================================
In k way merge
The merge pointers: 14 16 22 9 
rank[3] exits!
rank[0] exits!
